\BOOKMARK [1][-]{section.1}{\376\377\000Z\000w\000e\000c\000k\000\040\000u\000n\000d\000\040\000G\000e\000l\000t\000u\000n\000g\000s\000b\000e\000r\000e\000i\000c\000h}{}% 1
\BOOKMARK [2][-]{subsection.1.1}{\376\377\000Z\000i\000e\000l\000e}{section.1}% 2
\BOOKMARK [2][-]{subsection.1.2}{\376\377\000S\000y\000s\000t\000e\000m\000k\000o\000n\000t\000e\000x\000t}{section.1}% 3
\BOOKMARK [1][-]{section.2}{\376\377\000S\000t\000a\000k\000e\000h\000o\000l\000d\000e\000r\000\040\000u\000n\000d\000\040\000R\000o\000l\000l\000e\000n}{}% 4
\BOOKMARK [1][-]{section.3}{\376\377\000F\000u\000n\000k\000t\000i\000o\000n\000s\000-\000M\000a\000s\000t\000e\000r}{}% 5
\BOOKMARK [1][-]{section.4}{\376\377\000U\000s\000e\000r\000-\000S\000t\000o\000r\000i\000e\000s}{}% 6
\BOOKMARK [1][-]{section.5}{\376\377\000N\000i\000c\000h\000t\000f\000u\000n\000k\000t\000i\000o\000n\000a\000l\000e\000\040\000A\000n\000f\000o\000r\000d\000e\000r\000u\000n\000g\000e\000n}{}% 7
\BOOKMARK [1][-]{section.6}{\376\377\0004\000+\0001\000\040\000S\000i\000c\000h\000t\000e\000n\000m\000o\000d\000e\000l\000l}{}% 8
\BOOKMARK [2][-]{subsection.6.1}{\376\377\000U\000s\000e\000-\000C\000a\000s\000e\000-\000S\000i\000c\000h\000t}{section.6}% 9
\BOOKMARK [2][-]{subsection.6.2}{\376\377\000L\000o\000g\000i\000s\000c\000h\000e\000\040\000S\000i\000c\000h\000t}{section.6}% 10
\BOOKMARK [2][-]{subsection.6.3}{\376\377\000P\000r\000o\000z\000e\000s\000s\000s\000i\000c\000h\000t}{section.6}% 11
\BOOKMARK [2][-]{subsection.6.4}{\376\377\000E\000n\000t\000w\000i\000c\000k\000l\000u\000n\000g\000s\000s\000i\000c\000h\000t}{section.6}% 12
\BOOKMARK [2][-]{subsection.6.5}{\376\377\000P\000h\000y\000s\000i\000s\000c\000h\000e\000\040\000S\000i\000c\000h\000t}{section.6}% 13
\BOOKMARK [1][-]{section.7}{\376\377\000D\000a\000t\000e\000n\000a\000n\000f\000o\000r\000d\000e\000r\000u\000n\000g\000e\000n}{}% 14
\BOOKMARK [1][-]{section.8}{\376\377\000S\000c\000h\000n\000i\000t\000t\000s\000t\000e\000l\000l\000e\000n}{}% 15
\BOOKMARK [1][-]{section.9}{\376\377\000A\000b\000n\000a\000h\000m\000e\000k\000r\000i\000t\000e\000r\000i\000e\000n}{}% 16
\BOOKMARK [1][-]{section.10}{\376\377\000P\000l\000a\000n\000t\000U\000M\000L\000-\000I\000n\000t\000e\000g\000r\000a\000t\000i\000o\000n}{}% 17
\BOOKMARK [1][-]{appendix.A}{\376\377\000P\000l\000a\000n\000t\000U\000M\000L\000-\000Q\000u\000e\000l\000l\000e\000n}{}% 18
\BOOKMARK [2][-]{subsection.A.1}{\376\377\000U\000s\000e\000-\000C\000a\000s\000e\000-\000D\000i\000a\000g\000r\000a\000m\000m}{appendix.A}% 19
\BOOKMARK [2][-]{subsection.A.2}{\376\377\000L\000o\000g\000i\000s\000c\000h\000e\000\040\000K\000o\000m\000p\000o\000n\000e\000n\000t\000e\000n}{appendix.A}% 20
\BOOKMARK [2][-]{subsection.A.3}{\376\377\000O\000f\000f\000l\000i\000n\000e\000-\000P\000r\000o\000z\000e\000s\000s}{appendix.A}% 21
